<?xml version="1.0" encoding="UTF-8"?>
<!-- Generated by org.testng.reporters.JUnitXMLReporter -->
<testsuite ignored="2" hostname="TYC1221031" failures="0" tests="0" name="chrome_browser" time="0.055" errors="0" timestamp="2023-05-26T13:04:17 IST">
  <testcase classname="vtigerGenericUtils.BaseClass" name="@BeforeSuite openDBConnection" time="0.0">
    <ignored/>
  </testcase> <!-- @BeforeSuite openDBConnection -->
  <testcase classname="vtigerGenericUtils.BaseClass" name="@AfterSuite closeDBConnection" time="0.0">
    <ignored/>
  </testcase> <!-- @AfterSuite closeDBConnection -->
</testsuite> <!-- chrome_browser -->
