<?xml version="1.0" encoding="UTF-8"?>
<!-- Generated by org.testng.reporters.JUnitXMLReporter -->
<testsuite ignored="2" hostname="TYC1221031" failures="0" tests="4" name="firefox_browser" time="0.057" errors="0" timestamp="2023-05-26T13:04:17 IST">
  <testcase classname="vtigerGenericUtils.BaseClass" name="@BeforeClass openBrowser" time="0.006">
    <failure type="java.lang.NullPointerException" message="Cannot invoke &amp;quot;String.equalsIgnoreCase(String)&amp;quot; because &amp;quot;BROWSER&amp;quot; is null">
      <![CDATA[java.lang.NullPointerException: Cannot invoke "String.equalsIgnoreCase(String)" because "BROWSER" is null
at vtigerGenericUtils.BaseClass.openBrowser(BaseClass.java:51)
at java.base/java.util.ArrayList.forEach(ArrayList.java:1511)
at java.base/java.util.concurrent.FutureTask.run(FutureTask.java:264)
at java.base/java.util.concurrent.ThreadPoolExecutor.runWorker(ThreadPoolExecutor.java:1130)
at java.base/java.util.concurrent.ThreadPoolExecutor$Worker.run(ThreadPoolExecutor.java:630)
at java.base/java.lang.Thread.run(Thread.java:831)
... Removed 16 stack frames]]>
    </failure>
  </testcase> <!-- @BeforeClass openBrowser -->
  <testcase classname="vtigerGenericUtils.BaseClass" name="@BeforeMethod loginToApp" time="-1.685086457224E9">
    <skipped/>
  </testcase> <!-- @BeforeMethod loginToApp -->
  <testcase classname="vtigerGenericUtils.BaseClass" name="@AfterMethod logoutFromApp" time="-1.68508645723E9">
    <skipped/>
  </testcase> <!-- @AfterMethod logoutFromApp -->
  <testcase classname="vtigerGenericUtils.BaseClass" name="@AfterClass closeBrowser" time="-1.685086457234E9">
    <skipped/>
  </testcase> <!-- @AfterClass closeBrowser -->
  <testcase classname="vtigerGenericUtils.BaseClass" name="@BeforeClass openBrowser" time="0.001">
    <failure type="java.lang.NullPointerException" message="Cannot invoke &amp;quot;String.equalsIgnoreCase(String)&amp;quot; because &amp;quot;BROWSER&amp;quot; is null">
      <![CDATA[java.lang.NullPointerException: Cannot invoke "String.equalsIgnoreCase(String)" because "BROWSER" is null
at vtigerGenericUtils.BaseClass.openBrowser(BaseClass.java:51)
at java.base/java.util.ArrayList.forEach(ArrayList.java:1511)
at java.base/java.util.concurrent.FutureTask.run(FutureTask.java:264)
at java.base/java.util.concurrent.ThreadPoolExecutor.runWorker(ThreadPoolExecutor.java:1130)
at java.base/java.util.concurrent.ThreadPoolExecutor$Worker.run(ThreadPoolExecutor.java:630)
at java.base/java.lang.Thread.run(Thread.java:831)
... Removed 16 stack frames]]>
    </failure>
  </testcase> <!-- @BeforeClass openBrowser -->
  <testcase classname="vtigerGenericUtils.BaseClass" name="@BeforeMethod loginToApp" time="-1.68508645724E9">
    <skipped/>
  </testcase> <!-- @BeforeMethod loginToApp -->
  <testcase classname="vtigerGenericUtils.BaseClass" name="@AfterMethod logoutFromApp" time="-1.685086457245E9">
    <skipped/>
  </testcase> <!-- @AfterMethod logoutFromApp -->
  <testcase classname="vtigerGenericUtils.BaseClass" name="@AfterClass closeBrowser" time="-1.685086457246E9">
    <skipped/>
  </testcase> <!-- @AfterClass closeBrowser -->
  <testcase classname="com.crm.vtigerOrganisation.CreateOrganisationWithIndustryAndType" name="createOrganisationWithIndustryAndType" time="0.0">
    <skipped/>
  </testcase> <!-- createOrganisationWithIndustryAndType -->
  <testcase classname="com.crm.vtigerContacts.CreateContactWithOrganisationTest" name="createContactWithOrganisationTest" time="0.0">
    <skipped/>
  </testcase> <!-- createContactWithOrganisationTest -->
  <testcase classname="com.crm.vtigerContacts.CreateContactsTest" name="createContactsTest" time="0.0">
    <skipped/>
  </testcase> <!-- createContactsTest -->
  <testcase classname="com.crm.vtigerOrganisation.CreateOrganisationTest" name="createOrganisationTest" time="0.0">
    <skipped/>
  </testcase> <!-- createOrganisationTest -->
  <testcase classname="vtigerGenericUtils.BaseClass" name="@BeforeSuite openDBConnection" time="0.0">
    <ignored/>
  </testcase> <!-- @BeforeSuite openDBConnection -->
  <testcase classname="vtigerGenericUtils.BaseClass" name="@AfterSuite closeDBConnection" time="0.0">
    <ignored/>
  </testcase> <!-- @AfterSuite closeDBConnection -->
</testsuite> <!-- firefox_browser -->
