<?xml version="1.0" encoding="UTF-8"?>
<!-- Generated by org.testng.reporters.JUnitXMLReporter -->
<testsuite ignored="2" hostname="TYC1221031" failures="0" tests="2" name="firefoxBrowser" time="27.047" errors="0" timestamp="2023-05-29T11:56:02 IST">
  <testcase classname="com.crm.vtigerContacts.CreateContactsTest" name="createContactsTest" time="9.361"/>
  <testcase classname="com.crm.vtigerContacts.CreateContactWithOrganisationTest" name="createContactWithOrganisationTest" time="12.853"/>
  <testcase classname="vtigerGenericUtils.BaseClass" name="@BeforeSuite openDBConnection" time="0.0">
    <ignored/>
  </testcase> <!-- @BeforeSuite openDBConnection -->
  <testcase classname="vtigerGenericUtils.BaseClass" name="@AfterSuite closeDBConnection" time="0.0">
    <ignored/>
  </testcase> <!-- @AfterSuite closeDBConnection -->
</testsuite> <!-- firefoxBrowser -->
